{"/Users/avinashgautam/Documents/Projects/Orion/orion/server.js": {"path":"/Users/avinashgautam/Documents/Projects/Orion/orion/server.js","statementMap":{"0":{"start":{"line":1,"column":16},"end":{"line":1,"column":34}},"1":{"start":{"line":2,"column":15},"end":{"line":2,"column":32}},"2":{"start":{"line":3,"column":13},"end":{"line":3,"column":28}},"3":{"start":{"line":4,"column":21},"end":{"line":4,"column":45}},"4":{"start":{"line":5,"column":18},"end":{"line":5,"column":47}},"5":{"start":{"line":6,"column":13},"end":{"line":6,"column":29}},"6":{"start":{"line":7,"column":15},"end":{"line":7,"column":32}},"7":{"start":{"line":8,"column":19},"end":{"line":8,"column":49}},"8":{"start":{"line":9,"column":19},"end":{"line":9,"column":49}},"9":{"start":{"line":10,"column":17},"end":{"line":10,"column":40}},"10":{"start":{"line":13,"column":0},"end":{"line":13,"column":16}},"11":{"start":{"line":15,"column":12},"end":{"line":15,"column":21}},"12":{"start":{"line":18,"column":0},"end":{"line":18,"column":18}},"13":{"start":{"line":19,"column":0},"end":{"line":22,"column":4}},"14":{"start":{"line":23,"column":0},"end":{"line":23,"column":24}},"15":{"start":{"line":24,"column":0},"end":{"line":24,"column":24}},"16":{"start":{"line":27,"column":0},"end":{"line":30,"column":1}},"17":{"start":{"line":28,"column":4},"end":{"line":28,"column":36}},"18":{"start":{"line":29,"column":4},"end":{"line":29,"column":87}},"19":{"start":{"line":29,"column":45},"end":{"line":29,"column":85}},"20":{"start":{"line":33,"column":0},"end":{"line":37,"column":4}},"21":{"start":{"line":40,"column":0},"end":{"line":40,"column":33}},"22":{"start":{"line":41,"column":0},"end":{"line":41,"column":34}},"23":{"start":{"line":44,"column":0},"end":{"line":44,"column":116}},"24":{"start":{"line":44,"column":27},"end":{"line":44,"column":114}},"25":{"start":{"line":47,"column":0},"end":{"line":50,"column":3}},"26":{"start":{"line":48,"column":4},"end":{"line":48,"column":42}},"27":{"start":{"line":49,"column":4},"end":{"line":49,"column":90}},"28":{"start":{"line":53,"column":15},"end":{"line":53,"column":119}},"29":{"start":{"line":53,"column":38},"end":{"line":53,"column":118}},"30":{"start":{"line":56,"column":0},"end":{"line":56,"column":33}}},"fnMap":{"0":{"name":"(anonymous_0)","decl":{"start":{"line":29,"column":31},"end":{"line":29,"column":32}},"loc":{"start":{"line":29,"column":45},"end":{"line":29,"column":85}},"line":29},"1":{"name":"(anonymous_1)","decl":{"start":{"line":44,"column":13},"end":{"line":44,"column":14}},"loc":{"start":{"line":44,"column":27},"end":{"line":44,"column":114}},"line":44},"2":{"name":"(anonymous_2)","decl":{"start":{"line":47,"column":8},"end":{"line":47,"column":9}},"loc":{"start":{"line":47,"column":33},"end":{"line":50,"column":1}},"line":47},"3":{"name":"(anonymous_3)","decl":{"start":{"line":53,"column":32},"end":{"line":53,"column":33}},"loc":{"start":{"line":53,"column":38},"end":{"line":53,"column":118}},"line":53}},"branchMap":{"0":{"loc":{"start":{"line":20,"column":12},"end":{"line":20,"column":63}},"type":"binary-expr","locations":[{"start":{"line":20,"column":12},"end":{"line":20,"column":36}},{"start":{"line":20,"column":40},"end":{"line":20,"column":63}}],"line":20},"1":{"loc":{"start":{"line":27,"column":0},"end":{"line":30,"column":1}},"type":"if","locations":[{"start":{"line":27,"column":0},"end":{"line":30,"column":1}},{"start":{},"end":{}}],"line":27},"2":{"loc":{"start":{"line":35,"column":9},"end":{"line":35,"column":59}},"type":"cond-expr","locations":[{"start":{"line":35,"column":49},"end":{"line":35,"column":52}},{"start":{"line":35,"column":55},"end":{"line":35,"column":59}}],"line":35},"3":{"loc":{"start":{"line":49,"column":15},"end":{"line":49,"column":32}},"type":"binary-expr","locations":[{"start":{"line":49,"column":15},"end":{"line":49,"column":25}},{"start":{"line":49,"column":29},"end":{"line":49,"column":32}}],"line":49},"4":{"loc":{"start":{"line":49,"column":48},"end":{"line":49,"column":86}},"type":"binary-expr","locations":[{"start":{"line":49,"column":48},"end":{"line":49,"column":59}},{"start":{"line":49,"column":63},"end":{"line":49,"column":86}}],"line":49}},"s":{"0":1,"1":1,"2":1,"3":1,"4":1,"5":1,"6":1,"7":1,"8":1,"9":1,"10":1,"11":1,"12":1,"13":1,"14":1,"15":1,"16":1,"17":0,"18":0,"19":0,"20":1,"21":1,"22":1,"23":1,"24":1,"25":1,"26":0,"27":0,"28":1,"29":1,"30":1},"f":{"0":0,"1":1,"2":0,"3":1},"b":{"0":[1,1],"1":[0,1],"2":[0,1],"3":[0,0],"4":[0,0]},"_coverageSchema":"1a1c01bbd47fc00a2c39e90264f33305004495a9","hash":"515c67a1b367a7eab0a7a558529d6ee0aa438724"}
,"/Users/avinashgautam/Documents/Projects/Orion/orion/config/db.js": {"path":"/Users/avinashgautam/Documents/Projects/Orion/orion/config/db.js","statementMap":{"0":{"start":{"line":1,"column":13},"end":{"line":1,"column":28}},"1":{"start":{"line":2,"column":34},"end":{"line":2,"column":50}},"2":{"start":{"line":3,"column":11},"end":{"line":7,"column":2}},"3":{"start":{"line":10,"column":0},"end":{"line":15,"column":7}},"4":{"start":{"line":11,"column":16},"end":{"line":11,"column":74}},"5":{"start":{"line":13,"column":8},"end":{"line":13,"column":59}},"6":{"start":{"line":14,"column":8},"end":{"line":14,"column":48}},"7":{"start":{"line":14,"column":25},"end":{"line":14,"column":40}},"8":{"start":{"line":18,"column":26},"end":{"line":21,"column":1}},"9":{"start":{"line":19,"column":4},"end":{"line":19,"column":23}},"10":{"start":{"line":20,"column":4},"end":{"line":20,"column":48}},"11":{"start":{"line":23,"column":0},"end":{"line":23,"column":43}}},"fnMap":{"0":{"name":"(anonymous_0)","decl":{"start":{"line":11,"column":10},"end":{"line":11,"column":11}},"loc":{"start":{"line":11,"column":16},"end":{"line":11,"column":74}},"line":11},"1":{"name":"(anonymous_1)","decl":{"start":{"line":12,"column":11},"end":{"line":12,"column":12}},"loc":{"start":{"line":12,"column":20},"end":{"line":15,"column":5}},"line":12},"2":{"name":"(anonymous_2)","decl":{"start":{"line":14,"column":19},"end":{"line":14,"column":20}},"loc":{"start":{"line":14,"column":25},"end":{"line":14,"column":40}},"line":14},"3":{"name":"(anonymous_3)","decl":{"start":{"line":18,"column":26},"end":{"line":18,"column":27}},"loc":{"start":{"line":18,"column":38},"end":{"line":21,"column":1}},"line":18}},"branchMap":{},"s":{"0":1,"1":1,"2":1,"3":1,"4":1,"5":0,"6":0,"7":0,"8":1,"9":1,"10":1,"11":1},"f":{"0":1,"1":0,"2":0,"3":1},"b":{},"_coverageSchema":"1a1c01bbd47fc00a2c39e90264f33305004495a9","hash":"ec71571c245e15cbbb06044ad6551e08f33360fb"}
,"/Users/avinashgautam/Documents/Projects/Orion/orion/config/env.js": {"path":"/Users/avinashgautam/Documents/Projects/Orion/orion/config/env.js","statementMap":{"0":{"start":{"line":1,"column":0},"end":{"line":1,"column":27}},"1":{"start":{"line":2,"column":20},"end":{"line":2,"column":57}},"2":{"start":{"line":3,"column":21},"end":{"line":6,"column":1}},"3":{"start":{"line":7,"column":16},"end":{"line":26,"column":1}},"4":{"start":{"line":27,"column":17},"end":{"line":27,"column":61}},"5":{"start":{"line":29,"column":0},"end":{"line":35,"column":2}}},"fnMap":{},"branchMap":{"0":{"loc":{"start":{"line":2,"column":20},"end":{"line":2,"column":57}},"type":"binary-expr","locations":[{"start":{"line":2,"column":20},"end":{"line":2,"column":40}},{"start":{"line":2,"column":44},"end":{"line":2,"column":57}}],"line":2},"1":{"loc":{"start":{"line":31,"column":10},"end":{"line":31,"column":34}},"type":"binary-expr","locations":[{"start":{"line":31,"column":10},"end":{"line":31,"column":26}},{"start":{"line":31,"column":30},"end":{"line":31,"column":34}}],"line":31}},"s":{"0":1,"1":1,"2":1,"3":1,"4":1,"5":1},"f":{},"b":{"0":[1,0],"1":[1,0]},"_coverageSchema":"1a1c01bbd47fc00a2c39e90264f33305004495a9","hash":"dfdf31c84451821d71277ae98cc63076f4c05ee7"}
,"/Users/avinashgautam/Documents/Projects/Orion/orion/controllers/authController.js": {"path":"/Users/avinashgautam/Documents/Projects/Orion/orion/controllers/authController.js","statementMap":{"0":{"start":{"line":1,"column":12},"end":{"line":1,"column":35}},"1":{"start":{"line":2,"column":15},"end":{"line":2,"column":34}},"2":{"start":{"line":3,"column":18},"end":{"line":3,"column":47}},"3":{"start":{"line":4,"column":15},"end":{"line":4,"column":32}},"4":{"start":{"line":5,"column":15},"end":{"line":5,"column":32}},"5":{"start":{"line":6,"column":190},"end":{"line":6,"column":220}},"6":{"start":{"line":7,"column":42},"end":{"line":7,"column":66}},"7":{"start":{"line":8,"column":18},"end":{"line":8,"column":50}},"8":{"start":{"line":9,"column":11},"end":{"line":9,"column":34}},"9":{"start":{"line":10,"column":21},"end":{"line":14,"column":2}},"10":{"start":{"line":15,"column":30},"end":{"line":19,"column":2}},"11":{"start":{"line":20,"column":14},"end":{"line":75,"column":1}},"12":{"start":{"line":21,"column":4},"end":{"line":74,"column":5}},"13":{"start":{"line":22,"column":36},"end":{"line":22,"column":44}},"14":{"start":{"line":25,"column":25},"end":{"line":25,"column":56}},"15":{"start":{"line":26,"column":8},"end":{"line":28,"column":9}},"16":{"start":{"line":27,"column":12},"end":{"line":27,"column":71}},"17":{"start":{"line":31,"column":28},"end":{"line":31,"column":73}},"18":{"start":{"line":32,"column":8},"end":{"line":34,"column":9}},"19":{"start":{"line":33,"column":12},"end":{"line":33,"column":89}},"20":{"start":{"line":37,"column":30},"end":{"line":37,"column":87}},"21":{"start":{"line":38,"column":8},"end":{"line":40,"column":9}},"22":{"start":{"line":39,"column":12},"end":{"line":39,"column":82}},"23":{"start":{"line":43,"column":28},"end":{"line":47,"column":9}},"24":{"start":{"line":49,"column":29},"end":{"line":53,"column":9}},"25":{"start":{"line":56,"column":8},"end":{"line":56,"column":59}},"26":{"start":{"line":60,"column":8},"end":{"line":60,"column":125}},"27":{"start":{"line":61,"column":8},"end":{"line":61,"column":136}},"28":{"start":{"line":62,"column":8},"end":{"line":70,"column":11}},"29":{"start":{"line":72,"column":8},"end":{"line":72,"column":45}},"30":{"start":{"line":73,"column":8},"end":{"line":73,"column":67}},"31":{"start":{"line":77,"column":23},"end":{"line":123,"column":1}},"32":{"start":{"line":78,"column":22},"end":{"line":78,"column":30}},"33":{"start":{"line":80,"column":4},"end":{"line":122,"column":5}},"34":{"start":{"line":82,"column":21},"end":{"line":82,"column":67}},"35":{"start":{"line":83,"column":8},"end":{"line":83,"column":78}},"36":{"start":{"line":83,"column":19},"end":{"line":83,"column":78}},"37":{"start":{"line":86,"column":25},"end":{"line":86,"column":63}},"38":{"start":{"line":87,"column":27},"end":{"line":87,"column":85}},"39":{"start":{"line":88,"column":26},"end":{"line":88,"column":62}},"40":{"start":{"line":91,"column":8},"end":{"line":94,"column":11}},"41":{"start":{"line":97,"column":26},"end":{"line":97,"column":76}},"42":{"start":{"line":98,"column":26},"end":{"line":113,"column":5}},"43":{"start":{"line":116,"column":4},"end":{"line":116,"column":64}},"44":{"start":{"line":117,"column":4},"end":{"line":117,"column":68}},"45":{"start":{"line":120,"column":8},"end":{"line":120,"column":57}},"46":{"start":{"line":121,"column":8},"end":{"line":121,"column":67}},"47":{"start":{"line":124,"column":27},"end":{"line":143,"column":1}},"48":{"start":{"line":125,"column":22},"end":{"line":125,"column":32}},"49":{"start":{"line":127,"column":4},"end":{"line":142,"column":5}},"50":{"start":{"line":128,"column":28},"end":{"line":128,"column":83}},"51":{"start":{"line":130,"column":21},"end":{"line":133,"column":20}},"52":{"start":{"line":135,"column":8},"end":{"line":135,"column":94}},"53":{"start":{"line":135,"column":19},"end":{"line":135,"column":94}},"54":{"start":{"line":137,"column":8},"end":{"line":137,"column":76}},"55":{"start":{"line":140,"column":8},"end":{"line":140,"column":61}},"56":{"start":{"line":141,"column":8},"end":{"line":141,"column":67}},"57":{"start":{"line":146,"column":23},"end":{"line":179,"column":1}},"58":{"start":{"line":147,"column":45},"end":{"line":147,"column":53}},"59":{"start":{"line":148,"column":4},"end":{"line":148,"column":82}},"60":{"start":{"line":149,"column":19},"end":{"line":149,"column":30}},"61":{"start":{"line":151,"column":4},"end":{"line":178,"column":5}},"62":{"start":{"line":153,"column":28},"end":{"line":153,"column":92}},"63":{"start":{"line":154,"column":8},"end":{"line":156,"column":9}},"64":{"start":{"line":155,"column":12},"end":{"line":155,"column":87}},"65":{"start":{"line":159,"column":30},"end":{"line":159,"column":94}},"66":{"start":{"line":160,"column":8},"end":{"line":162,"column":9}},"67":{"start":{"line":161,"column":12},"end":{"line":161,"column":81}},"68":{"start":{"line":165,"column":21},"end":{"line":165,"column":43}},"69":{"start":{"line":166,"column":31},"end":{"line":166,"column":65}},"70":{"start":{"line":169,"column":8},"end":{"line":171,"column":92}},"71":{"start":{"line":173,"column":8},"end":{"line":173,"column":71}},"72":{"start":{"line":176,"column":8},"end":{"line":176,"column":57}},"73":{"start":{"line":177,"column":8},"end":{"line":177,"column":72}},"74":{"start":{"line":182,"column":22},"end":{"line":195,"column":1}},"75":{"start":{"line":183,"column":35},"end":{"line":183,"column":43}},"76":{"start":{"line":185,"column":4},"end":{"line":185,"column":97}},"77":{"start":{"line":185,"column":39},"end":{"line":185,"column":97}},"78":{"start":{"line":187,"column":24},"end":{"line":187,"column":79}},"79":{"start":{"line":188,"column":17},"end":{"line":188,"column":55}},"80":{"start":{"line":189,"column":4},"end":{"line":189,"column":84}},"81":{"start":{"line":189,"column":15},"end":{"line":189,"column":84}},"82":{"start":{"line":191,"column":4},"end":{"line":191,"column":50}},"83":{"start":{"line":192,"column":4},"end":{"line":192,"column":38}},"84":{"start":{"line":194,"column":4},"end":{"line":194,"column":66}},"85":{"start":{"line":197,"column":15},"end":{"line":216,"column":1}},"86":{"start":{"line":198,"column":4},"end":{"line":215,"column":5}},"87":{"start":{"line":199,"column":33},"end":{"line":199,"column":41}},"88":{"start":{"line":200,"column":8},"end":{"line":202,"column":9}},"89":{"start":{"line":201,"column":12},"end":{"line":201,"column":82}},"90":{"start":{"line":204,"column":24},"end":{"line":204,"column":62}},"91":{"start":{"line":206,"column":8},"end":{"line":208,"column":9}},"92":{"start":{"line":207,"column":12},"end":{"line":207,"column":92}},"93":{"start":{"line":209,"column":8},"end":{"line":209,"column":39}},"94":{"start":{"line":210,"column":8},"end":{"line":210,"column":40}},"95":{"start":{"line":211,"column":8},"end":{"line":211,"column":69}},"96":{"start":{"line":213,"column":8},"end":{"line":213,"column":46}},"97":{"start":{"line":214,"column":8},"end":{"line":214,"column":67}},"98":{"start":{"line":219,"column":27},"end":{"line":235,"column":1}},"99":{"start":{"line":220,"column":25},"end":{"line":220,"column":49}},"100":{"start":{"line":221,"column":4},"end":{"line":221,"column":80}},"101":{"start":{"line":221,"column":23},"end":{"line":221,"column":80}},"102":{"start":{"line":223,"column":4},"end":{"line":234,"column":5}},"103":{"start":{"line":224,"column":24},"end":{"line":224,"column":76}},"104":{"start":{"line":225,"column":21},"end":{"line":225,"column":51}},"105":{"start":{"line":226,"column":8},"end":{"line":226,"column":77}},"106":{"start":{"line":226,"column":19},"end":{"line":226,"column":77}},"107":{"start":{"line":228,"column":31},"end":{"line":228,"column":119}},"108":{"start":{"line":230,"column":8},"end":{"line":230,"column":128}},"109":{"start":{"line":231,"column":8},"end":{"line":231,"column":50}},"110":{"start":{"line":233,"column":8},"end":{"line":233,"column":77}},"111":{"start":{"line":237,"column":0},"end":{"line":237,"column":155}}},"fnMap":{"0":{"name":"(anonymous_0)","decl":{"start":{"line":20,"column":14},"end":{"line":20,"column":15}},"loc":{"start":{"line":20,"column":34},"end":{"line":75,"column":1}},"line":20},"1":{"name":"(anonymous_1)","decl":{"start":{"line":77,"column":23},"end":{"line":77,"column":24}},"loc":{"start":{"line":77,"column":43},"end":{"line":123,"column":1}},"line":77},"2":{"name":"(anonymous_2)","decl":{"start":{"line":124,"column":27},"end":{"line":124,"column":28}},"loc":{"start":{"line":124,"column":47},"end":{"line":143,"column":1}},"line":124},"3":{"name":"(anonymous_3)","decl":{"start":{"line":146,"column":23},"end":{"line":146,"column":24}},"loc":{"start":{"line":146,"column":43},"end":{"line":179,"column":1}},"line":146},"4":{"name":"(anonymous_4)","decl":{"start":{"line":182,"column":22},"end":{"line":182,"column":23}},"loc":{"start":{"line":182,"column":42},"end":{"line":195,"column":1}},"line":182},"5":{"name":"(anonymous_5)","decl":{"start":{"line":197,"column":15},"end":{"line":197,"column":16}},"loc":{"start":{"line":197,"column":35},"end":{"line":216,"column":1}},"line":197},"6":{"name":"(anonymous_6)","decl":{"start":{"line":219,"column":27},"end":{"line":219,"column":28}},"loc":{"start":{"line":219,"column":47},"end":{"line":235,"column":1}},"line":219}},"branchMap":{"0":{"loc":{"start":{"line":26,"column":8},"end":{"line":28,"column":9}},"type":"if","locations":[{"start":{"line":26,"column":8},"end":{"line":28,"column":9}},{"start":{},"end":{}}],"line":26},"1":{"loc":{"start":{"line":32,"column":8},"end":{"line":34,"column":9}},"type":"if","locations":[{"start":{"line":32,"column":8},"end":{"line":34,"column":9}},{"start":{},"end":{}}],"line":32},"2":{"loc":{"start":{"line":38,"column":8},"end":{"line":40,"column":9}},"type":"if","locations":[{"start":{"line":38,"column":8},"end":{"line":40,"column":9}},{"start":{},"end":{}}],"line":38},"3":{"loc":{"start":{"line":83,"column":8},"end":{"line":83,"column":78}},"type":"if","locations":[{"start":{"line":83,"column":8},"end":{"line":83,"column":78}},{"start":{},"end":{}}],"line":83},"4":{"loc":{"start":{"line":135,"column":8},"end":{"line":135,"column":94}},"type":"if","locations":[{"start":{"line":135,"column":8},"end":{"line":135,"column":94}},{"start":{},"end":{}}],"line":135},"5":{"loc":{"start":{"line":154,"column":8},"end":{"line":156,"column":9}},"type":"if","locations":[{"start":{"line":154,"column":8},"end":{"line":156,"column":9}},{"start":{},"end":{}}],"line":154},"6":{"loc":{"start":{"line":160,"column":8},"end":{"line":162,"column":9}},"type":"if","locations":[{"start":{"line":160,"column":8},"end":{"line":162,"column":9}},{"start":{},"end":{}}],"line":160},"7":{"loc":{"start":{"line":185,"column":4},"end":{"line":185,"column":97}},"type":"if","locations":[{"start":{"line":185,"column":4},"end":{"line":185,"column":97}},{"start":{},"end":{}}],"line":185},"8":{"loc":{"start":{"line":189,"column":4},"end":{"line":189,"column":84}},"type":"if","locations":[{"start":{"line":189,"column":4},"end":{"line":189,"column":84}},{"start":{},"end":{}}],"line":189},"9":{"loc":{"start":{"line":200,"column":8},"end":{"line":202,"column":9}},"type":"if","locations":[{"start":{"line":200,"column":8},"end":{"line":202,"column":9}},{"start":{},"end":{}}],"line":200},"10":{"loc":{"start":{"line":206,"column":8},"end":{"line":208,"column":9}},"type":"if","locations":[{"start":{"line":206,"column":8},"end":{"line":208,"column":9}},{"start":{},"end":{}}],"line":206},"11":{"loc":{"start":{"line":221,"column":4},"end":{"line":221,"column":80}},"type":"if","locations":[{"start":{"line":221,"column":4},"end":{"line":221,"column":80}},{"start":{},"end":{}}],"line":221},"12":{"loc":{"start":{"line":226,"column":8},"end":{"line":226,"column":77}},"type":"if","locations":[{"start":{"line":226,"column":8},"end":{"line":226,"column":77}},{"start":{},"end":{}}],"line":226}},"s":{"0":1,"1":1,"2":1,"3":1,"4":1,"5":1,"6":1,"7":1,"8":1,"9":1,"10":1,"11":1,"12":0,"13":0,"14":0,"15":0,"16":0,"17":0,"18":0,"19":0,"20":0,"21":0,"22":0,"23":0,"24":0,"25":0,"26":0,"27":0,"28":0,"29":0,"30":0,"31":1,"32":0,"33":0,"34":0,"35":0,"36":0,"37":0,"38":0,"39":0,"40":0,"41":0,"42":0,"43":0,"44":0,"45":0,"46":0,"47":1,"48":0,"49":0,"50":0,"51":0,"52":0,"53":0,"54":0,"55":0,"56":0,"57":1,"58":0,"59":0,"60":0,"61":0,"62":0,"63":0,"64":0,"65":0,"66":0,"67":0,"68":0,"69":0,"70":0,"71":0,"72":0,"73":0,"74":1,"75":0,"76":0,"77":0,"78":0,"79":0,"80":0,"81":0,"82":0,"83":0,"84":0,"85":1,"86":0,"87":0,"88":0,"89":0,"90":0,"91":0,"92":0,"93":0,"94":0,"95":0,"96":0,"97":0,"98":1,"99":0,"100":0,"101":0,"102":0,"103":0,"104":0,"105":0,"106":0,"107":0,"108":0,"109":0,"110":0,"111":1},"f":{"0":0,"1":0,"2":0,"3":0,"4":0,"5":0,"6":0},"b":{"0":[0,0],"1":[0,0],"2":[0,0],"3":[0,0],"4":[0,0],"5":[0,0],"6":[0,0],"7":[0,0],"8":[0,0],"9":[0,0],"10":[0,0],"11":[0,0],"12":[0,0]},"_coverageSchema":"1a1c01bbd47fc00a2c39e90264f33305004495a9","hash":"a0089257441f4044ec43067ba6ec4bf44f0994cc"}
,"/Users/avinashgautam/Documents/Projects/Orion/orion/controllers/userController.js": {"path":"/Users/avinashgautam/Documents/Projects/Orion/orion/controllers/userController.js","statementMap":{"0":{"start":{"line":1,"column":15},"end":{"line":1,"column":34}},"1":{"start":{"line":2,"column":18},"end":{"line":2,"column":50}},"2":{"start":{"line":3,"column":11},"end":{"line":3,"column":34}},"3":{"start":{"line":4,"column":15},"end":{"line":4,"column":32}},"4":{"start":{"line":7,"column":19},"end":{"line":69,"column":1}},"5":{"start":{"line":8,"column":70},"end":{"line":8,"column":78}},"6":{"start":{"line":9,"column":29},"end":{"line":11,"column":5}},"7":{"start":{"line":10,"column":8},"end":{"line":10,"column":78}},"8":{"start":{"line":12,"column":21},"end":{"line":12,"column":41}},"9":{"start":{"line":14,"column":4},"end":{"line":16,"column":5}},"10":{"start":{"line":15,"column":8},"end":{"line":15,"column":74}},"11":{"start":{"line":18,"column":4},"end":{"line":68,"column":5}},"12":{"start":{"line":20,"column":33},"end":{"line":20,"column":79}},"13":{"start":{"line":21,"column":8},"end":{"line":23,"column":9}},"14":{"start":{"line":22,"column":12},"end":{"line":22,"column":75}},"15":{"start":{"line":26,"column":21},"end":{"line":26,"column":43}},"16":{"start":{"line":27,"column":31},"end":{"line":27,"column":63}},"17":{"start":{"line":30,"column":29},"end":{"line":37,"column":10}},"18":{"start":{"line":40,"column":8},"end":{"line":45,"column":11}},"19":{"start":{"line":48,"column":24},"end":{"line":48,"column":57}},"20":{"start":{"line":49,"column":21},"end":{"line":60,"column":9}},"21":{"start":{"line":62,"column":8},"end":{"line":62,"column":46}},"22":{"start":{"line":64,"column":8},"end":{"line":64,"column":113}},"23":{"start":{"line":66,"column":8},"end":{"line":66,"column":56}},"24":{"start":{"line":67,"column":8},"end":{"line":67,"column":72}},"25":{"start":{"line":72,"column":20},"end":{"line":81,"column":1}},"26":{"start":{"line":73,"column":4},"end":{"line":80,"column":5}},"27":{"start":{"line":74,"column":22},"end":{"line":74,"column":138}},"28":{"start":{"line":76,"column":8},"end":{"line":76,"column":36}},"29":{"start":{"line":78,"column":8},"end":{"line":78,"column":54}},"30":{"start":{"line":79,"column":8},"end":{"line":79,"column":67}},"31":{"start":{"line":83,"column":0},"end":{"line":83,"column":45}}},"fnMap":{"0":{"name":"(anonymous_0)","decl":{"start":{"line":7,"column":19},"end":{"line":7,"column":20}},"loc":{"start":{"line":7,"column":39},"end":{"line":69,"column":1}},"line":7},"1":{"name":"(anonymous_1)","decl":{"start":{"line":9,"column":29},"end":{"line":9,"column":30}},"loc":{"start":{"line":9,"column":46},"end":{"line":11,"column":5}},"line":9},"2":{"name":"(anonymous_2)","decl":{"start":{"line":72,"column":20},"end":{"line":72,"column":21}},"loc":{"start":{"line":72,"column":40},"end":{"line":81,"column":1}},"line":72}},"branchMap":{"0":{"loc":{"start":{"line":9,"column":30},"end":{"line":9,"column":41}},"type":"default-arg","locations":[{"start":{"line":9,"column":39},"end":{"line":9,"column":41}}],"line":9},"1":{"loc":{"start":{"line":14,"column":4},"end":{"line":16,"column":5}},"type":"if","locations":[{"start":{"line":14,"column":4},"end":{"line":16,"column":5}},{"start":{},"end":{}}],"line":14},"2":{"loc":{"start":{"line":14,"column":8},"end":{"line":14,"column":52}},"type":"binary-expr","locations":[{"start":{"line":14,"column":8},"end":{"line":14,"column":19}},{"start":{"line":14,"column":23},"end":{"line":14,"column":33}},{"start":{"line":14,"column":37},"end":{"line":14,"column":43}},{"start":{"line":14,"column":47},"end":{"line":14,"column":52}}],"line":14},"3":{"loc":{"start":{"line":21,"column":8},"end":{"line":23,"column":9}},"type":"if","locations":[{"start":{"line":21,"column":8},"end":{"line":23,"column":9}},{"start":{},"end":{}}],"line":21}},"s":{"0":1,"1":1,"2":1,"3":1,"4":1,"5":0,"6":0,"7":0,"8":0,"9":0,"10":0,"11":0,"12":0,"13":0,"14":0,"15":0,"16":0,"17":0,"18":0,"19":0,"20":0,"21":0,"22":0,"23":0,"24":0,"25":1,"26":0,"27":0,"28":0,"29":0,"30":0,"31":1},"f":{"0":0,"1":0,"2":0},"b":{"0":[0],"1":[0,0],"2":[0,0,0,0],"3":[0,0]},"_coverageSchema":"1a1c01bbd47fc00a2c39e90264f33305004495a9","hash":"c6a86cade917743287614e82af9b096a88211e31"}
,"/Users/avinashgautam/Documents/Projects/Orion/orion/middlewares/authMiddleware.js": {"path":"/Users/avinashgautam/Documents/Projects/Orion/orion/middlewares/authMiddleware.js","statementMap":{"0":{"start":{"line":1,"column":12},"end":{"line":1,"column":35}},"1":{"start":{"line":4,"column":21},"end":{"line":18,"column":1}},"2":{"start":{"line":5,"column":18},"end":{"line":5,"column":58}},"3":{"start":{"line":7,"column":4},"end":{"line":9,"column":5}},"4":{"start":{"line":8,"column":8},"end":{"line":8,"column":82}},"5":{"start":{"line":11,"column":4},"end":{"line":17,"column":5}},"6":{"start":{"line":12,"column":24},"end":{"line":12,"column":65}},"7":{"start":{"line":13,"column":8},"end":{"line":13,"column":27}},"8":{"start":{"line":14,"column":8},"end":{"line":14,"column":15}},"9":{"start":{"line":16,"column":8},"end":{"line":16,"column":78}},"10":{"start":{"line":21,"column":23},"end":{"line":28,"column":1}},"11":{"start":{"line":22,"column":4},"end":{"line":27,"column":6}},"12":{"start":{"line":23,"column":8},"end":{"line":25,"column":9}},"13":{"start":{"line":24,"column":12},"end":{"line":24,"column":92}},"14":{"start":{"line":26,"column":8},"end":{"line":26,"column":15}},"15":{"start":{"line":30,"column":0},"end":{"line":30,"column":50}}},"fnMap":{"0":{"name":"(anonymous_0)","decl":{"start":{"line":4,"column":21},"end":{"line":4,"column":22}},"loc":{"start":{"line":4,"column":41},"end":{"line":18,"column":1}},"line":4},"1":{"name":"(anonymous_1)","decl":{"start":{"line":21,"column":23},"end":{"line":21,"column":24}},"loc":{"start":{"line":21,"column":34},"end":{"line":28,"column":1}},"line":21},"2":{"name":"(anonymous_2)","decl":{"start":{"line":22,"column":11},"end":{"line":22,"column":12}},"loc":{"start":{"line":22,"column":31},"end":{"line":27,"column":5}},"line":22}},"branchMap":{"0":{"loc":{"start":{"line":7,"column":4},"end":{"line":9,"column":5}},"type":"if","locations":[{"start":{"line":7,"column":4},"end":{"line":9,"column":5}},{"start":{},"end":{}}],"line":7},"1":{"loc":{"start":{"line":23,"column":8},"end":{"line":25,"column":9}},"type":"if","locations":[{"start":{"line":23,"column":8},"end":{"line":25,"column":9}},{"start":{},"end":{}}],"line":23}},"s":{"0":1,"1":1,"2":0,"3":0,"4":0,"5":0,"6":0,"7":0,"8":0,"9":0,"10":1,"11":2,"12":0,"13":0,"14":0,"15":1},"f":{"0":0,"1":2,"2":0},"b":{"0":[0,0],"1":[0,0]},"_coverageSchema":"1a1c01bbd47fc00a2c39e90264f33305004495a9","hash":"7593bf5d8cd0eb741a3d86363a114f7dbae3eb18"}
,"/Users/avinashgautam/Documents/Projects/Orion/orion/models/UserModel.js": {"path":"/Users/avinashgautam/Documents/Projects/Orion/orion/models/UserModel.js","statementMap":{"0":{"start":{"line":1,"column":11},"end":{"line":1,"column":34}},"1":{"start":{"line":2,"column":15},"end":{"line":2,"column":34}},"2":{"start":{"line":3,"column":15},"end":{"line":3,"column":32}},"3":{"start":{"line":5,"column":19},"end":{"line":16,"column":1}},"4":{"start":{"line":6,"column":17},"end":{"line":6,"column":41}},"5":{"start":{"line":7,"column":27},"end":{"line":7,"column":60}},"6":{"start":{"line":9,"column":4},"end":{"line":15,"column":7}},"7":{"start":{"line":19,"column":27},"end":{"line":21,"column":1}},"8":{"start":{"line":20,"column":4},"end":{"line":20,"column":52}},"9":{"start":{"line":24,"column":35},"end":{"line":26,"column":1}},"10":{"start":{"line":25,"column":4},"end":{"line":25,"column":62}},"11":{"start":{"line":29,"column":24},"end":{"line":31,"column":1}},"12":{"start":{"line":30,"column":4},"end":{"line":30,"column":52}},"13":{"start":{"line":33,"column":23},"end":{"line":38,"column":1}},"14":{"start":{"line":34,"column":17},"end":{"line":34,"column":41}},"15":{"start":{"line":35,"column":27},"end":{"line":35,"column":63}},"16":{"start":{"line":37,"column":4},"end":{"line":37,"column":86}},"17":{"start":{"line":40,"column":30},"end":{"line":47,"column":1}},"18":{"start":{"line":41,"column":18},"end":{"line":41,"column":56}},"19":{"start":{"line":42,"column":22},"end":{"line":42,"column":59}},"20":{"start":{"line":44,"column":4},"end":{"line":44,"column":116}},"21":{"start":{"line":46,"column":4},"end":{"line":46,"column":17}},"22":{"start":{"line":49,"column":28},"end":{"line":51,"column":1}},"23":{"start":{"line":50,"column":4},"end":{"line":50,"column":118}},"24":{"start":{"line":53,"column":24},"end":{"line":55,"column":1}},"25":{"start":{"line":54,"column":4},"end":{"line":54,"column":105}},"26":{"start":{"line":57,"column":27},"end":{"line":67,"column":1}},"27":{"start":{"line":58,"column":4},"end":{"line":66,"column":5}},"28":{"start":{"line":59,"column":23},"end":{"line":61,"column":18}},"29":{"start":{"line":62,"column":8},"end":{"line":62,"column":26}},"30":{"start":{"line":64,"column":8},"end":{"line":64,"column":62}},"31":{"start":{"line":65,"column":8},"end":{"line":65,"column":21}},"32":{"start":{"line":70,"column":26},"end":{"line":78,"column":1}},"33":{"start":{"line":71,"column":22},"end":{"line":71,"column":32}},"34":{"start":{"line":72,"column":4},"end":{"line":72,"column":47}},"35":{"start":{"line":74,"column":4},"end":{"line":77,"column":17}},"36":{"start":{"line":80,"column":0},"end":{"line":91,"column":2}}},"fnMap":{"0":{"name":"(anonymous_0)","decl":{"start":{"line":5,"column":19},"end":{"line":5,"column":20}},"loc":{"start":{"line":5,"column":73},"end":{"line":16,"column":1}},"line":5},"1":{"name":"(anonymous_1)","decl":{"start":{"line":19,"column":27},"end":{"line":19,"column":28}},"loc":{"start":{"line":19,"column":44},"end":{"line":21,"column":1}},"line":19},"2":{"name":"(anonymous_2)","decl":{"start":{"line":24,"column":35},"end":{"line":24,"column":36}},"loc":{"start":{"line":24,"column":58},"end":{"line":26,"column":1}},"line":24},"3":{"name":"(anonymous_3)","decl":{"start":{"line":29,"column":24},"end":{"line":29,"column":25}},"loc":{"start":{"line":29,"column":41},"end":{"line":31,"column":1}},"line":29},"4":{"name":"(anonymous_4)","decl":{"start":{"line":33,"column":23},"end":{"line":33,"column":24}},"loc":{"start":{"line":33,"column":53},"end":{"line":38,"column":1}},"line":33},"5":{"name":"(anonymous_5)","decl":{"start":{"line":40,"column":30},"end":{"line":40,"column":31}},"loc":{"start":{"line":40,"column":60},"end":{"line":47,"column":1}},"line":40},"6":{"name":"(anonymous_6)","decl":{"start":{"line":49,"column":28},"end":{"line":49,"column":29}},"loc":{"start":{"line":49,"column":45},"end":{"line":51,"column":1}},"line":49},"7":{"name":"(anonymous_7)","decl":{"start":{"line":53,"column":24},"end":{"line":53,"column":25}},"loc":{"start":{"line":53,"column":41},"end":{"line":55,"column":1}},"line":53},"8":{"name":"(anonymous_8)","decl":{"start":{"line":57,"column":27},"end":{"line":57,"column":28}},"loc":{"start":{"line":57,"column":51},"end":{"line":67,"column":1}},"line":57},"9":{"name":"(anonymous_9)","decl":{"start":{"line":70,"column":26},"end":{"line":70,"column":27}},"loc":{"start":{"line":70,"column":63},"end":{"line":78,"column":1}},"line":70}},"branchMap":{},"s":{"0":1,"1":1,"2":1,"3":1,"4":0,"5":0,"6":0,"7":1,"8":0,"9":1,"10":0,"11":1,"12":0,"13":1,"14":0,"15":0,"16":0,"17":1,"18":0,"19":0,"20":0,"21":0,"22":1,"23":0,"24":1,"25":0,"26":1,"27":0,"28":0,"29":0,"30":0,"31":0,"32":1,"33":0,"34":0,"35":0,"36":1},"f":{"0":0,"1":0,"2":0,"3":0,"4":0,"5":0,"6":0,"7":0,"8":0,"9":0},"b":{},"_coverageSchema":"1a1c01bbd47fc00a2c39e90264f33305004495a9","hash":"4ce1a065990936437a0fcf3fdeb85b1c6e1ed7c5"}
,"/Users/avinashgautam/Documents/Projects/Orion/orion/routes/authRoutes.js": {"path":"/Users/avinashgautam/Documents/Projects/Orion/orion/routes/authRoutes.js","statementMap":{"0":{"start":{"line":1,"column":16},"end":{"line":1,"column":34}},"1":{"start":{"line":2,"column":125},"end":{"line":2,"column":165}},"2":{"start":{"line":3,"column":13},"end":{"line":3,"column":29}},"3":{"start":{"line":4,"column":23},"end":{"line":4,"column":45}},"4":{"start":{"line":5,"column":15},"end":{"line":5,"column":31}},"5":{"start":{"line":6,"column":25},"end":{"line":6,"column":65}},"6":{"start":{"line":8,"column":0},"end":{"line":8,"column":43}},"7":{"start":{"line":9,"column":0},"end":{"line":9,"column":71}},"8":{"start":{"line":10,"column":0},"end":{"line":10,"column":62}},"9":{"start":{"line":11,"column":0},"end":{"line":11,"column":57}},"10":{"start":{"line":12,"column":0},"end":{"line":12,"column":31}},"11":{"start":{"line":13,"column":0},"end":{"line":13,"column":62}},"12":{"start":{"line":15,"column":0},"end":{"line":15,"column":24}}},"fnMap":{},"branchMap":{},"s":{"0":1,"1":1,"2":1,"3":1,"4":1,"5":1,"6":1,"7":1,"8":1,"9":1,"10":1,"11":1,"12":1},"f":{},"b":{},"_coverageSchema":"1a1c01bbd47fc00a2c39e90264f33305004495a9","hash":"2954489c2c55ab63313e4dffa8e5c21d7493c479"}
,"/Users/avinashgautam/Documents/Projects/Orion/orion/routes/userRoutes.js": {"path":"/Users/avinashgautam/Documents/Projects/Orion/orion/routes/userRoutes.js","statementMap":{"0":{"start":{"line":1,"column":16},"end":{"line":1,"column":34}},"1":{"start":{"line":2,"column":41},"end":{"line":2,"column":81}},"2":{"start":{"line":3,"column":36},"end":{"line":3,"column":76}},"3":{"start":{"line":5,"column":15},"end":{"line":5,"column":31}},"4":{"start":{"line":8,"column":0},"end":{"line":8,"column":78}},"5":{"start":{"line":11,"column":0},"end":{"line":11,"column":70}},"6":{"start":{"line":13,"column":0},"end":{"line":13,"column":24}}},"fnMap":{},"branchMap":{},"s":{"0":1,"1":1,"2":1,"3":1,"4":1,"5":1,"6":1},"f":{},"b":{},"_coverageSchema":"1a1c01bbd47fc00a2c39e90264f33305004495a9","hash":"da49f9ff978d2000dce9c69635d0c8b8753a30ff"}
,"/Users/avinashgautam/Documents/Projects/Orion/orion/utils/emailService.js": {"path":"/Users/avinashgautam/Documents/Projects/Orion/orion/utils/emailService.js","statementMap":{"0":{"start":{"line":1,"column":40},"end":{"line":1,"column":70}},"1":{"start":{"line":3,"column":18},"end":{"line":9,"column":2}},"2":{"start":{"line":12,"column":18},"end":{"line":32,"column":1}},"3":{"start":{"line":13,"column":17},"end":{"line":23,"column":3}},"4":{"start":{"line":25,"column":2},"end":{"line":31,"column":3}},"5":{"start":{"line":26,"column":20},"end":{"line":26,"column":48}},"6":{"start":{"line":27,"column":4},"end":{"line":27,"column":34}},"7":{"start":{"line":28,"column":4},"end":{"line":28,"column":54}},"8":{"start":{"line":30,"column":4},"end":{"line":30,"column":52}},"9":{"start":{"line":34,"column":0},"end":{"line":34,"column":27}}},"fnMap":{"0":{"name":"(anonymous_0)","decl":{"start":{"line":12,"column":18},"end":{"line":12,"column":19}},"loc":{"start":{"line":12,"column":47},"end":{"line":32,"column":1}},"line":12}},"branchMap":{"0":{"loc":{"start":{"line":4,"column":10},"end":{"line":4,"column":47}},"type":"binary-expr","locations":[{"start":{"line":4,"column":10},"end":{"line":4,"column":32}},{"start":{"line":4,"column":36},"end":{"line":4,"column":47}}],"line":4}},"s":{"0":1,"1":1,"2":1,"3":0,"4":0,"5":0,"6":0,"7":0,"8":0,"9":1},"f":{"0":0},"b":{"0":[1,0]},"_coverageSchema":"1a1c01bbd47fc00a2c39e90264f33305004495a9","hash":"e62171e0af533a09379cda674ef707e7f06fce1a"}
}
